<?xml version="1.0" encoding="UTF-8"?>
<!-- Generated by org.testng.reporters.JUnitReportReporter -->
<testsuite hostname="Ashutosh" failures="0" tests="1" name="Ashutosh.Selenium_Framework1.StandAlonTest" time="6.680" errors="0" timestamp="2024-11-09T19:57:27 IST" skipped="0">
  <testcase classname="Ashutosh.Selenium_Framework1.StandAlonTest" name="SubmitOrder" time="6.680"/>
</testsuite> <!-- Ashutosh.Selenium_Framework1.StandAlonTest -->
