<?xml version="1.0" encoding="UTF-8"?>
<!-- Generated by org.testng.reporters.JUnitReportReporter -->
<testsuite hostname="Ashutosh" failures="0" tests="2" name="Ashutosh.Selenium_Framework1.SubmitOrderTest" time="10.897" errors="0" timestamp="2024-11-15T16:05:42 IST" skipped="0">
  <testcase classname="Ashutosh.Selenium_Framework1.SubmitOrderTest" name="SubmitOrder" time="7.566"/>
  <testcase classname="Ashutosh.Selenium_Framework1.SubmitOrderTest" name="orderVerifyinOrderlistTest" time="3.331"/>
</testsuite> <!-- Ashutosh.Selenium_Framework1.SubmitOrderTest -->
