<?xml version="1.0" encoding="UTF-8"?>
<!-- Generated by org.testng.reporters.JUnitReportReporter -->
<testsuite hostname="Ashutosh" failures="0" tests="1" name="Ashutosh.Selenium_Framework1.ErrorValidation" time="7.638" errors="0" timestamp="2024-11-09T19:54:23 IST" skipped="0">
  <testcase classname="Ashutosh.Selenium_Framework1.ErrorValidation" name="SubmitOrder" time="7.638"/>
</testsuite> <!-- Ashutosh.Selenium_Framework1.ErrorValidation -->
