<?xml version="1.0" encoding="UTF-8"?>
<!-- Generated by org.testng.reporters.JUnitReportReporter -->
<testsuite hostname="Ashutosh" failures="0" tests="2" name="Ashutosh.Selenium_Framework1.SubmitOrderTest" time="9.218" errors="0" timestamp="2024-11-15T18:16:06 IST" skipped="0">
  <testcase classname="Ashutosh.Selenium_Framework1.SubmitOrderTest" name="orderVerifyinOrderlistTest" time="2.819"/>
  <testcase classname="Ashutosh.Selenium_Framework1.SubmitOrderTest" name="SubmitOrder" time="6.399"/>
</testsuite> <!-- Ashutosh.Selenium_Framework1.SubmitOrderTest -->
