<?xml version="1.0" encoding="UTF-8"?>
<!-- Generated by org.testng.reporters.JUnitReportReporter -->
<testsuite hostname="Ashutosh" failures="0" tests="1" name="Ashutosh.Selenium_Framework1.ErrorValidationTest" time="4.170" errors="0" timestamp="2024-11-15T18:16:06 IST" skipped="0">
  <testcase classname="Ashutosh.Selenium_Framework1.ErrorValidationTest" name="SubmitOrder" time="4.170"/>
</testsuite> <!-- Ashutosh.Selenium_Framework1.ErrorValidationTest -->
