<?xml version="1.0" encoding="UTF-8"?>
<!-- Generated by org.testng.reporters.JUnitReportReporter -->
<testsuite hostname="Ashutosh" failures="0" tests="1" name="Ashutosh.Selenium_Framework1.SubmitOrderValidationinMycarTest" time="5.593" errors="0" timestamp="2024-11-15T18:16:06 IST" skipped="0">
  <testcase classname="Ashutosh.Selenium_Framework1.SubmitOrderValidationinMycarTest" name="SubmitOrder" time="5.593"/>
</testsuite> <!-- Ashutosh.Selenium_Framework1.SubmitOrderValidationinMycarTest -->
